ncsim 14.10-s005
Linux 2.6.18-398.el5 #1 SMP Tue Sep 16 20:50:52 EDT 2014 x86_64
CPU cores: 16
Limit information:
======================================
cputime			unlimited
filesize		unlimited
datasize		unlimited
stacksize		10240 kbytes
coredumpsize	0 kbytes
memoryuse		unlimited
vmemoryuse		unlimited
descriptors		1024
memorylocked	32 kbytes
maxproc			386157
======================================
(Special)Runtime environment variables:

Runtime environment variables:
VCS_HOME=/usr/cad/synopsys/vcs-mx/cur
SOFT_MAN_DIR=/usr/cad/synopsys/coreconsultant/cur/doc/dware/man
SHELL=/bin/tcsh
PCTHOME=/usr/cad/synopsys/pa_virtualizer/cur/SLS/linux/pc
MACHTYPE=x86_64
LESSOPEN=|/usr/bin/lesspipe.sh %s
CWR_USING_LNX_KERNEL_THREADS=1
SSH_CONNECTION=192.168.75.200 37382 192.168.75.55 22
PATH=/usr/cad/cadence/INCISIV/cur/tools/bin:/usr/cad/cadence/INCISIV/cur/tools/vtools/vfault/bin:/usr/cad/cadence/INCISIV/cur/tools/dfII/bin:/usr/cad/cadence/EDI/cur/tools/celtic/bin:/usr/cad/cadence/EDI/cur/tools/plato/bin:/usr/cad/cadence/EDI/cur/tools/dfII/bin:/usr/cad/cadence/EDI/cur/tools/fe/bin:/usr/cad/cadence/EDI/cur/tools/cdsdoc/bin:/usr/cad/cadence/EDI/cur/tools/bin:/usr/cad/cadence/EDI/cur//tools/tlfUtil/bin:/usr/cad/cadence/CTOS/cur/tools.lnx86/bin:/usr/cad/cadence/MMSIM/cur/tools/dfII/bin:/usr/cad/cadence/MMSIM/cur/tools/bin:/usr/cad/cadence/EXT/cur/tools/bin:/usr/cad/cadence/ETS/cur/tools/bin:/usr/cad/cadence/CONFRML/cur/./bin:/usr/cad/cadence/CONFRML/cur/tools/bin:/usr/cad/cadence/IC/cur/tools/dfII/bin:/usr/cad/cadence/IC/cur/tools/dracula/bin:/usr/cad/cadence/IC/cur/tools/bin:/usr/cad/synopsys/pa_virtualizer/cur/SLS/linux/pc/bin:/usr/cad/synopsys/pa_virtualizer/cur/SLS/linux/InnoGUI/Innovator/Bin:/usr/cad/synopsys/pa_virtualizer/cur/SLS/linux/tools/bin:/usr/cad/synopsys/icc/cur/amd64/syn/bin:/usr/bin/X11:/usr/cad/synopsys/coreconsultant/cur/bin:/usr/cad/synopsys/verdi/cur/bin:/usr/cad/synopsys/verdi/cur/nLint/bin:/usr/cad/synopsys/vcs-mx/cur/bin:/usr/cad/synopsys/vcs-mx/cur/linux/bin:/usr/cad/synopsys/vcs-mx/cur/linux/util:/usr/cad/synopsys/vcs-mx/cur/linux/flexlm:/usr/bin/X11:/usr/cad/synopsys/synthesis/cur/amd64/syn/bin:/usr/cad/synopsys/lc/cur/bin:/usr/bin/X11:/usr/cad/synopsys/primetime/cur/amd64/syn/bin:/usr/kerberos/bin:/usr/local/bin:/bin:/usr/bin
LM_LICENSE_FILE=5280@lsnctu:5280@lscic:26585@lscic:26585@lsnctu:8224@lscic.cic.org.tw
SNPS_VP_HTYPE=linux
PRIMETIME=/usr/cad/synopsys/primetime/cur
ENCOUNTER=/usr/cad/cadence/EDI/cur/tools/fe
SNPS_VP_PRODUCT=PA
SSH_TTY=/dev/pts/3
COWARE_MONITORS_PATH=/users/course/2016F/cs4125/dsd17/.synopsys/monitors:/usr/cad/synopsys/pa_virtualizer/cur/SLS/linux/IP
VENDOR=unknown
COWAREHT=linux
LS_COLORS=no=00:fi=00:di=00;34:ln=00;36:pi=40;33:so=00;35:bd=40;33;01:cd=40;33;01:or=01;05;37;41:mi=01;05;37;41:ex=00;32:*.cmd=00;32:*.exe=00;32:*.com=00;32:*.btm=00;32:*.bat=00;32:*.sh=00;32:*.csh=00;32:*.tar=00;31:*.tgz=00;31:*.arj=00;31:*.taz=00;31:*.lzh=00;31:*.zip=00;31:*.z=00;31:*.Z=00;31:*.gz=00;31:*.bz2=00;31:*.bz=00;31:*.tz=00;31:*.rpm=00;31:*.cpio=00;31:*.jpg=00;35:*.gif=00;35:*.bmp=00;35:*.xbm=00;35:*.xpm=00;35:*.png=00;35:*.tif=00;35:
SHLIB_PATH=/usr/cad/synopsys/verdi/cur/share/PLI/IUS/LINUX
OA_HOME=/usr/cad/cadence/EDI/cur/oa
DISPLAY=localhost:10.0
COWARE_PRODUCT=PA
PWD=/users/course/2016F/cs4125/dsd17/final_project/final2016.v1
G_BROKEN_FILENAMES=1
MANPATH=:/usr/cad/synopsys/synthesis/cur/doc/syn/man:/usr/cad/synopsys/coreconsultant/cur/doc/dware/man
HOME=/users/course/2016F/cs4125/dsd17
SYNOPSYS=/usr/cad/synopsys/icc/cur
LD_LIBRARY_PATH=/usr/cad/cadence/INCISIV/cur/tools/lib:/usr/cad/cadence/INCISIV/cur/tools/vtools/vfault/lib:::/usr/cad/cadence/EDI/cur//tools/tlfUtil/lib:/usr/cad/cadence/CTOS/cur/tools.lnx86/lib:/usr/cad/cadence/MMSIM/cur/tools/lib:/usr/cad/cadence/EXT/cur/tools/lib:/usr/cad/cadence/ETS/cur/tools/lib:/usr/cad/cadence/CONFRML/cur/tools/lib:/usr/cad/cadence/IC/cur/tools/lib:/usr/cad/synopsys/pa_virtualizer/cur/SLS/linux/dmtools/lib:/usr/cad/synopsys/pa_virtualizer/cur/SLS/linux/pc/lib:/usr/cad/synopsys/pa_virtualizer/cur/SLS/linux/common/lib-any:/usr/cad/synopsys/pa_virtualizer/cur/SLS/linux/common/libso-gcc-4.7.2:/usr/cad/synopsys/pa_virtualizer/cur/SLS/linux/gnu/gcc-4.7.2/lib:/usr/cad/synopsys/verdi/cur/share/PLI/IUS/LINUX/:/usr/cad/synopsys/pa_virtualizer/cur/SLS/linux/dmtools/lib:/lib
SYN_MAN_DIR=/usr/cad/synopsys/synthesis/cur/doc/syn/man
LOGNAME=dsd17
VCS_CC=gcc
HOSTNAME=ic25.cs.nthu.edu.tw
SSH_ASKPASS=/usr/libexec/openssh/gnome-ssh-askpass
OSTYPE=linux
SHLVL=1
COWAREHOME=/usr/cad/synopsys/pa_virtualizer/cur/SLS/linux
USER=dsd17
SNPS_VIEW_CONFIG_PATH=/users/course/2016F/cs4125/dsd17/.synopsys/viewconfig:/usr/cad/synopsys/pa_virtualizer/cur/SLS/linux/IP:/usr/cad/synopsys/pa_virtualizer/cur/SLS/linux/common/etc/viewconfig
SYNTHESIS=/usr/cad/synopsys/synthesis/cur
REMOTEHOST=nthucad.cs.nthu.edu.tw
CVS_RSH=ssh
MAKEFLAGS=
MFLAGS=
SSH_CLIENT=192.168.75.200 37382 22
MAIL=/var/spool/mail/dsd17
COWARE_AUX_BIN=/usr/cad/synopsys/pa_virtualizer/cur/SLS/linux/common/bin
COWARE_JRE=/usr/cad/synopsys/pa_virtualizer/cur/SLS/linux/../linux/java
COWAREDOC_INSTALLED_AT=/usr/cad/synopsys/pa_virtualizer/vJ-2014.12/Documentation
OAHOME=/usr/cad/cadence/oa_v22.04.073
HOSTTYPE=x86_64-linux
VERPLEX_HOME=/usr/cad/cadence/CONFRML/cur
SNPS_VP_DOC=/usr/cad/synopsys/pa_virtualizer/vJ-2014.12/Documentation
COWARE_CXX_COMPILER=gcc-4.7.2
GROUP=cs4125
CDS_Netlisting_Mode=Analog
INPUTRC=/etc/inputrc
SNPS_VP_HOME=/usr/cad/synopsys/pa_virtualizer/cur/SLS/linux
LANG=en_US
TERM=xterm
HOST=ic25.cs.nthu.edu.tw
MAKELEVEL=1
_IRUNROOT_=/usr/cad/cadence/INCISIV/cur/tools
CDS_ARCH=lnx86
NCRUNMODE=ncverilog:./INCA_libs/irun.lnx86.14.10.nc
IRUNBATCH=FALSE
IMPERAS_PORT_FILE=.vsp_ovp_gdb_port
TCL_LIBRARY=/usr/cad/cadence/INCISIV/cur/tools/inca/files/tcl/library
Runtime command line arguments:
argv[0]=ncverilog
argv[1]=header.v
argv[2]=syn.v
argv[3]=risc_t.v
argv[4]=RAM2Kx32.v
argv[5]=/theda21_2/CBDK_IC_Contest/CBDK_IC_Contest_v2.1/Verilog/tsmc13.v
argv[6]=risc_t.v
argv[7]=+define+IPATH="01_gcd_plain_bin.dat"+DPATH="01_gcd_plain_data.dat"
argv[8]=RAM2Kx32.v
argv[9]=+access+r
argv[10]=+define+NETLIST
99 profile - 100
          CPU/Mem usage: 0.070 sys,  0.070 user,  64.74M sys,  0.00M vm
100 VC callback profile - scalar:0 vector:0
101 Tue Jan 17 04:00:33 2017
102 pliAppInit
103 *Verdi3* : Enable Parallel Dumping.
104 pliAppMiscSet: New Sim Round
105 pliEntryInit
106 LIBSSCORE=found /usr/cad/synopsys/verdi/cur/share/PLI/IUS/LINUX/libsscore_ius141.so through $LD_LIBRARY_PATH setting.
107 argv[0]: pipeline_syn.fsdb
108 Catch signal 11. Stack trace follows:
#0  0xffffe410 in __kernel_vsyscall ()
#1  0x00551f93 in __read_nocancel () from /lib/libc.so.6
#2  0x004ef238 in _IO_file_read_internal () from /lib/libc.so.6
#3  0x004f0590 in _IO_new_file_underflow () from /lib/libc.so.6
#4  0x004f0c8b in _IO_default_uflow_internal () from /lib/libc.so.6
#5  0x004f200d in __uflow () from /lib/libc.so.6
#6  0x004e58b6 in _IO_getline_info_internal () from /lib/libc.so.6
#7  0x004e5801 in _IO_getline_internal () from /lib/libc.so.6
#8  0x004e477a in fgets () from /lib/libc.so.6
#9  0xf6af9c5a in ndpGetCallStack () from /usr/cad/synopsys/verdi/cur/share/PLI/IUS/LINUX/libsscore_ius141.so
#10 0xf6b30e13 in pliAppDbg_SigHandler () from /usr/cad/synopsys/verdi/cur/share/PLI/IUS/LINUX/libsscore_ius141.so
#11 0xf6af964d in catchSignalCB () from /usr/cad/synopsys/verdi/cur/share/PLI/IUS/LINUX/libsscore_ius141.so
#12 <signal handler called>
#13 0x0a3ca58a in ?? ()
#14 0x0a3ca580 in ?? ()
#15 0x00000000 in ?? ()
109 FSDB Dumper for IUS, Release Verdi3_J-2014.12-SP3, Linux, 07/05/2015
110 (C) 1996 - 2015 by Synopsys, Inc.
111 sps_call_fsdbDumpfile at 0 : /users/course/2016F/cs4125/dsd17/final_project/final2016.v1/risc_t.v(76)
112 argv[0]: pipeline_syn.fsdb
113 *Verdi3* FSDB WARNING: The FSDB file already exists. Overwriting the FSDB file may crash the programs that are using this file.
114 *Verdi3* : Create FSDB file 'pipeline_syn.fsdb'
115 sps_call_fsdbDumpvars at 0 : /users/course/2016F/cs4125/dsd17/final_project/final2016.v1/risc_t.v(80)
116 *Verdi3* : Begin traversing the scopes, layer (0).
117 Cell instance `Pipeline.Pipeline.\EX_BUS_B_reg[0] '.
118 *Verdi3* : End of traversing.
119 fsdbDumpvars traverse var: profile - 
          CPU/Mem usage: 0.090 sys,  0.760 user,  220.96M sys,  0.00M vm
                   incr: 0.010 sys,  0.680 user,  13.48M sys,  0.00M vm
                   accu: 0.010 sys,  0.680 user,  13.48M sys,  0.00M vm
              accu incr: 0.010 sys,  0.680 user,  13.48M sys,  0.00M vm

          Count usage: 51182 var,  17044 idcode,  17044 callback
                 incr: 51182 var,  17044 idcode,  17044 callback
                 accu: 51182 var,  17044 idcode,  17044 callback
            accu incr: 51182 var,  17044 idcode,  17044 callback
120 VC callback profile - scalar:0 vector:0
121 Tue Jan 17 04:00:34 2017
122 fsdbDumpvars: profile - 
          CPU/Mem usage: 0.090 sys,  0.770 user,  222.02M sys,  0.00M vm
                   incr: 0.000 sys,  0.010 user,  1.05M sys,  0.00M vm
                   accu: 0.010 sys,  0.690 user,  14.54M sys,  0.00M vm
              accu incr: 0.000 sys,  0.010 user,  1.05M sys,  0.00M vm

          Count usage: 51182 var,  17044 idcode,  17044 callback
                 incr: 0 var,  0 idcode,  0 callback
                 accu: 51182 var,  17044 idcode,  17044 callback
            accu incr: 0 var,  0 idcode,  0 callback
123 VC callback profile - scalar:17001 vector:43
124 Tue Jan 17 04:00:34 2017
125 End of simulation at 6030000
126 VC callback profile - scalar:116006 vector:1032
127 Tue Jan 17 04:00:34 2017
128 Parallel profile    -  Flush:3 ProduceWait:0 ConsumerWait:0 BlockUsed:0
129 SimExit
130 Sim process exit
